<?xml version="1.0" encoding="UTF-8"?>
<!-- Generated by org.testng.reporters.JUnitReportReporter -->
<testsuite skipped="0" hostname="RSI1566" name="br.com.rsinet.hub_BDD.AdvantageBDD.SeleniumTest" tests="1" failures="0" timestamp="2020-01-16T11:49:27 BRT" time="14.134" errors="0">
  <testcase name="test" time="14.134" classname="br.com.rsinet.hub_BDD.AdvantageBDD.SeleniumTest"/>
</testsuite> <!-- br.com.rsinet.hub_BDD.AdvantageBDD.SeleniumTest -->
